mode: set
github.com/LavaJover/shvark-sso-service/cmd/sso-service/main.go:18.12,43.15 11 0
github.com/LavaJover/shvark-sso-service/cmd/sso-service/main.go:43.15,45.3 1 0
github.com/LavaJover/shvark-sso-service/cmd/sso-service/main.go:47.2,48.45 2 0
github.com/LavaJover/shvark-sso-service/cmd/sso-service/main.go:48.45,50.3 1 0
github.com/LavaJover/shvark-sso-service/internal/config/config.go:24.28,29.21 2 0
github.com/LavaJover/shvark-sso-service/internal/config/config.go:29.21,31.3 1 0
github.com/LavaJover/shvark-sso-service/internal/config/config.go:33.2,33.46 1 0
github.com/LavaJover/shvark-sso-service/internal/config/config.go:33.46,35.3 1 0
github.com/LavaJover/shvark-sso-service/internal/config/config.go:38.2,39.61 2 0
github.com/LavaJover/shvark-sso-service/internal/config/config.go:39.61,41.3 1 0
github.com/LavaJover/shvark-sso-service/internal/config/config.go:43.2,43.13 1 0
github.com/LavaJover/shvark-sso-service/internal/infrastructure/postgres/init.go:10.34,13.16 2 0
github.com/LavaJover/shvark-sso-service/internal/infrastructure/postgres/init.go:13.16,15.3 1 0
github.com/LavaJover/shvark-sso-service/internal/infrastructure/postgres/init.go:17.2,19.11 2 0
github.com/LavaJover/shvark-sso-service/internal/infrastructure/postgres/user_repository.go:15.59,17.2 1 0
github.com/LavaJover/shvark-sso-service/internal/infrastructure/postgres/user_repository.go:19.58,28.15 3 0
github.com/LavaJover/shvark-sso-service/internal/infrastructure/postgres/user_repository.go:28.15,30.3 1 0
github.com/LavaJover/shvark-sso-service/internal/infrastructure/postgres/user_repository.go:31.2,31.12 1 0
github.com/LavaJover/shvark-sso-service/internal/infrastructure/postgres/user_repository.go:34.74,36.75 2 0
github.com/LavaJover/shvark-sso-service/internal/infrastructure/postgres/user_repository.go:36.75,37.36 1 0
github.com/LavaJover/shvark-sso-service/internal/infrastructure/postgres/user_repository.go:37.36,39.4 1 0
github.com/LavaJover/shvark-sso-service/internal/infrastructure/postgres/user_repository.go:40.3,40.18 1 0
github.com/LavaJover/shvark-sso-service/internal/infrastructure/postgres/user_repository.go:43.2,48.8 1 0
github.com/LavaJover/shvark-sso-service/internal/infrastructure/postgres/user_repository.go:51.68,53.63 2 0
github.com/LavaJover/shvark-sso-service/internal/infrastructure/postgres/user_repository.go:53.63,54.36 1 0
github.com/LavaJover/shvark-sso-service/internal/infrastructure/postgres/user_repository.go:54.36,56.4 1 0
github.com/LavaJover/shvark-sso-service/internal/infrastructure/postgres/user_repository.go:57.3,57.18 1 0
github.com/LavaJover/shvark-sso-service/internal/infrastructure/postgres/user_repository.go:60.2,65.8 1 0
github.com/LavaJover/shvark-sso-service/internal/domain/user.go:10.69,16.2 1 0
github.com/LavaJover/shvark-sso-service/internal/infrastructure/jwt/token_service.go:16.79,21.2 1 0
github.com/LavaJover/shvark-sso-service/internal/infrastructure/jwt/token_service.go:23.81,31.2 3 0
github.com/LavaJover/shvark-sso-service/internal/infrastructure/jwt/token_service.go:33.83,36.2 1 0
github.com/LavaJover/shvark-sso-service/internal/infrastructure/jwt/token_service.go:38.79,39.76 1 0
github.com/LavaJover/shvark-sso-service/internal/infrastructure/jwt/token_service.go:39.76,40.54 1 0
github.com/LavaJover/shvark-sso-service/internal/infrastructure/jwt/token_service.go:40.54,42.4 1 0
github.com/LavaJover/shvark-sso-service/internal/infrastructure/jwt/token_service.go:43.3,43.34 1 0
github.com/LavaJover/shvark-sso-service/internal/infrastructure/jwt/token_service.go:46.2,46.32 1 0
github.com/LavaJover/shvark-sso-service/internal/infrastructure/jwt/token_service.go:46.32,48.3 1 0
github.com/LavaJover/shvark-sso-service/internal/infrastructure/jwt/token_service.go:50.2,51.9 2 0
github.com/LavaJover/shvark-sso-service/internal/infrastructure/jwt/token_service.go:51.9,53.3 1 0
github.com/LavaJover/shvark-sso-service/internal/infrastructure/jwt/token_service.go:55.2,56.9 2 0
github.com/LavaJover/shvark-sso-service/internal/infrastructure/jwt/token_service.go:56.9,58.3 1 0
github.com/LavaJover/shvark-sso-service/internal/infrastructure/jwt/token_service.go:60.2,60.20 1 0
github.com/LavaJover/shvark-sso-service/internal/mocks/TokenService.go:19.57,21.2 1 0
github.com/LavaJover/shvark-sso-service/internal/mocks/TokenService.go:24.80,27.19 2 0
github.com/LavaJover/shvark-sso-service/internal/mocks/TokenService.go:27.19,28.61 1 0
github.com/LavaJover/shvark-sso-service/internal/mocks/TokenService.go:31.2,33.67 3 0
github.com/LavaJover/shvark-sso-service/internal/mocks/TokenService.go:33.67,35.3 1 0
github.com/LavaJover/shvark-sso-service/internal/mocks/TokenService.go:36.2,36.58 1 0
github.com/LavaJover/shvark-sso-service/internal/mocks/TokenService.go:36.58,38.3 1 0
github.com/LavaJover/shvark-sso-service/internal/mocks/TokenService.go:38.8,40.3 1 0
github.com/LavaJover/shvark-sso-service/internal/mocks/TokenService.go:42.2,42.57 1 0
github.com/LavaJover/shvark-sso-service/internal/mocks/TokenService.go:42.57,44.3 1 0
github.com/LavaJover/shvark-sso-service/internal/mocks/TokenService.go:44.8,46.3 1 0
github.com/LavaJover/shvark-sso-service/internal/mocks/TokenService.go:48.2,48.15 1 0
github.com/LavaJover/shvark-sso-service/internal/mocks/TokenService.go:58.111,60.2 1 0
github.com/LavaJover/shvark-sso-service/internal/mocks/TokenService.go:62.122,63.40 1 0
github.com/LavaJover/shvark-sso-service/internal/mocks/TokenService.go:63.40,65.3 1 0
github.com/LavaJover/shvark-sso-service/internal/mocks/TokenService.go:66.2,66.11 1 0
github.com/LavaJover/shvark-sso-service/internal/mocks/TokenService.go:69.119,72.2 2 0
github.com/LavaJover/shvark-sso-service/internal/mocks/TokenService.go:74.142,77.2 2 0
github.com/LavaJover/shvark-sso-service/internal/mocks/TokenService.go:80.81,83.19 2 0
github.com/LavaJover/shvark-sso-service/internal/mocks/TokenService.go:83.19,84.62 1 0
github.com/LavaJover/shvark-sso-service/internal/mocks/TokenService.go:87.2,89.67 3 0
github.com/LavaJover/shvark-sso-service/internal/mocks/TokenService.go:89.67,91.3 1 0
github.com/LavaJover/shvark-sso-service/internal/mocks/TokenService.go:92.2,92.58 1 0
github.com/LavaJover/shvark-sso-service/internal/mocks/TokenService.go:92.58,94.3 1 0
github.com/LavaJover/shvark-sso-service/internal/mocks/TokenService.go:94.8,96.3 1 0
github.com/LavaJover/shvark-sso-service/internal/mocks/TokenService.go:98.2,98.57 1 0
github.com/LavaJover/shvark-sso-service/internal/mocks/TokenService.go:98.57,100.3 1 0
github.com/LavaJover/shvark-sso-service/internal/mocks/TokenService.go:100.8,102.3 1 0
github.com/LavaJover/shvark-sso-service/internal/mocks/TokenService.go:104.2,104.15 1 0
github.com/LavaJover/shvark-sso-service/internal/mocks/TokenService.go:114.113,116.2 1 0
github.com/LavaJover/shvark-sso-service/internal/mocks/TokenService.go:118.124,119.40 1 0
github.com/LavaJover/shvark-sso-service/internal/mocks/TokenService.go:119.40,121.3 1 0
github.com/LavaJover/shvark-sso-service/internal/mocks/TokenService.go:122.2,122.11 1 0
github.com/LavaJover/shvark-sso-service/internal/mocks/TokenService.go:125.121,128.2 2 0
github.com/LavaJover/shvark-sso-service/internal/mocks/TokenService.go:130.144,133.2 2 0
github.com/LavaJover/shvark-sso-service/internal/mocks/TokenService.go:136.75,139.19 2 0
github.com/LavaJover/shvark-sso-service/internal/mocks/TokenService.go:139.19,140.61 1 0
github.com/LavaJover/shvark-sso-service/internal/mocks/TokenService.go:143.2,145.61 3 0
github.com/LavaJover/shvark-sso-service/internal/mocks/TokenService.go:145.61,147.3 1 0
github.com/LavaJover/shvark-sso-service/internal/mocks/TokenService.go:148.2,148.52 1 0
github.com/LavaJover/shvark-sso-service/internal/mocks/TokenService.go:148.52,150.3 1 0
github.com/LavaJover/shvark-sso-service/internal/mocks/TokenService.go:150.8,152.3 1 0
github.com/LavaJover/shvark-sso-service/internal/mocks/TokenService.go:154.2,154.51 1 0
github.com/LavaJover/shvark-sso-service/internal/mocks/TokenService.go:154.51,156.3 1 0
github.com/LavaJover/shvark-sso-service/internal/mocks/TokenService.go:156.8,158.3 1 0
github.com/LavaJover/shvark-sso-service/internal/mocks/TokenService.go:160.2,160.15 1 0
github.com/LavaJover/shvark-sso-service/internal/mocks/TokenService.go:170.112,172.2 1 0
github.com/LavaJover/shvark-sso-service/internal/mocks/TokenService.go:174.117,175.40 1 0
github.com/LavaJover/shvark-sso-service/internal/mocks/TokenService.go:175.40,177.3 1 0
github.com/LavaJover/shvark-sso-service/internal/mocks/TokenService.go:178.2,178.11 1 0
github.com/LavaJover/shvark-sso-service/internal/mocks/TokenService.go:181.122,184.2 2 0
github.com/LavaJover/shvark-sso-service/internal/mocks/TokenService.go:186.136,189.2 2 0
github.com/LavaJover/shvark-sso-service/internal/mocks/TokenService.go:196.18,200.19 3 0
github.com/LavaJover/shvark-sso-service/internal/mocks/TokenService.go:200.19,200.49 1 0
github.com/LavaJover/shvark-sso-service/internal/mocks/TokenService.go:202.2,202.13 1 0
github.com/LavaJover/shvark-sso-service/internal/mocks/UserRepository.go:19.61,21.2 1 0
github.com/LavaJover/shvark-sso-service/internal/mocks/UserRepository.go:24.59,27.19 2 0
github.com/LavaJover/shvark-sso-service/internal/mocks/UserRepository.go:27.19,28.48 1 0
github.com/LavaJover/shvark-sso-service/internal/mocks/UserRepository.go:31.2,32.57 2 0
github.com/LavaJover/shvark-sso-service/internal/mocks/UserRepository.go:32.57,34.3 1 0
github.com/LavaJover/shvark-sso-service/internal/mocks/UserRepository.go:34.8,36.3 1 0
github.com/LavaJover/shvark-sso-service/internal/mocks/UserRepository.go:38.2,38.11 1 0
github.com/LavaJover/shvark-sso-service/internal/mocks/UserRepository.go:48.89,50.2 1 0
github.com/LavaJover/shvark-sso-service/internal/mocks/UserRepository.go:52.100,53.40 1 0
github.com/LavaJover/shvark-sso-service/internal/mocks/UserRepository.go:53.40,55.3 1 0
github.com/LavaJover/shvark-sso-service/internal/mocks/UserRepository.go:56.2,56.11 1 0
github.com/LavaJover/shvark-sso-service/internal/mocks/UserRepository.go:59.85,62.2 2 0
github.com/LavaJover/shvark-sso-service/internal/mocks/UserRepository.go:64.110,67.2 2 0
github.com/LavaJover/shvark-sso-service/internal/mocks/UserRepository.go:70.69,73.19 2 0
github.com/LavaJover/shvark-sso-service/internal/mocks/UserRepository.go:73.19,74.50 1 0
github.com/LavaJover/shvark-sso-service/internal/mocks/UserRepository.go:77.2,79.67 3 0
github.com/LavaJover/shvark-sso-service/internal/mocks/UserRepository.go:79.67,81.3 1 0
github.com/LavaJover/shvark-sso-service/internal/mocks/UserRepository.go:82.2,82.58 1 0
github.com/LavaJover/shvark-sso-service/internal/mocks/UserRepository.go:82.58,84.3 1 0
github.com/LavaJover/shvark-sso-service/internal/mocks/UserRepository.go:84.8,85.24 1 0
github.com/LavaJover/shvark-sso-service/internal/mocks/UserRepository.go:85.24,87.4 1 0
github.com/LavaJover/shvark-sso-service/internal/mocks/UserRepository.go:90.2,90.51 1 0
github.com/LavaJover/shvark-sso-service/internal/mocks/UserRepository.go:90.51,92.3 1 0
github.com/LavaJover/shvark-sso-service/internal/mocks/UserRepository.go:92.8,94.3 1 0
github.com/LavaJover/shvark-sso-service/internal/mocks/UserRepository.go:96.2,96.15 1 0
github.com/LavaJover/shvark-sso-service/internal/mocks/UserRepository.go:106.91,108.2 1 0
github.com/LavaJover/shvark-sso-service/internal/mocks/UserRepository.go:110.96,111.40 1 0
github.com/LavaJover/shvark-sso-service/internal/mocks/UserRepository.go:111.40,113.3 1 0
github.com/LavaJover/shvark-sso-service/internal/mocks/UserRepository.go:114.2,114.11 1 0
github.com/LavaJover/shvark-sso-service/internal/mocks/UserRepository.go:117.107,120.2 2 0
github.com/LavaJover/shvark-sso-service/internal/mocks/UserRepository.go:122.124,125.2 2 0
github.com/LavaJover/shvark-sso-service/internal/mocks/UserRepository.go:128.75,131.19 2 0
github.com/LavaJover/shvark-sso-service/internal/mocks/UserRepository.go:131.19,132.53 1 0
github.com/LavaJover/shvark-sso-service/internal/mocks/UserRepository.go:135.2,137.67 3 0
github.com/LavaJover/shvark-sso-service/internal/mocks/UserRepository.go:137.67,139.3 1 0
github.com/LavaJover/shvark-sso-service/internal/mocks/UserRepository.go:140.2,140.58 1 0
github.com/LavaJover/shvark-sso-service/internal/mocks/UserRepository.go:140.58,142.3 1 0
github.com/LavaJover/shvark-sso-service/internal/mocks/UserRepository.go:142.8,143.24 1 0
github.com/LavaJover/shvark-sso-service/internal/mocks/UserRepository.go:143.24,145.4 1 0
github.com/LavaJover/shvark-sso-service/internal/mocks/UserRepository.go:148.2,148.51 1 0
github.com/LavaJover/shvark-sso-service/internal/mocks/UserRepository.go:148.51,150.3 1 0
github.com/LavaJover/shvark-sso-service/internal/mocks/UserRepository.go:150.8,152.3 1 0
github.com/LavaJover/shvark-sso-service/internal/mocks/UserRepository.go:154.2,154.15 1 0
github.com/LavaJover/shvark-sso-service/internal/mocks/UserRepository.go:164.100,166.2 1 0
github.com/LavaJover/shvark-sso-service/internal/mocks/UserRepository.go:168.105,169.40 1 0
github.com/LavaJover/shvark-sso-service/internal/mocks/UserRepository.go:169.40,171.3 1 0
github.com/LavaJover/shvark-sso-service/internal/mocks/UserRepository.go:172.2,172.11 1 0
github.com/LavaJover/shvark-sso-service/internal/mocks/UserRepository.go:175.113,178.2 2 0
github.com/LavaJover/shvark-sso-service/internal/mocks/UserRepository.go:180.130,183.2 2 0
github.com/LavaJover/shvark-sso-service/internal/mocks/UserRepository.go:190.20,194.19 3 0
github.com/LavaJover/shvark-sso-service/internal/mocks/UserRepository.go:194.19,194.49 1 0
github.com/LavaJover/shvark-sso-service/internal/mocks/UserRepository.go:196.2,196.13 1 0
github.com/LavaJover/shvark-sso-service/internal/delivery/grpcapi/auth_handler.go:15.114,17.15 2 0
github.com/LavaJover/shvark-sso-service/internal/delivery/grpcapi/auth_handler.go:17.15,19.3 1 0
github.com/LavaJover/shvark-sso-service/internal/delivery/grpcapi/auth_handler.go:21.2,24.8 1 0
github.com/LavaJover/shvark-sso-service/internal/delivery/grpcapi/auth_handler.go:27.105,29.15 2 0
github.com/LavaJover/shvark-sso-service/internal/delivery/grpcapi/auth_handler.go:29.15,31.3 1 0
github.com/LavaJover/shvark-sso-service/internal/delivery/grpcapi/auth_handler.go:33.2,36.8 1 0
github.com/LavaJover/shvark-sso-service/internal/delivery/grpcapi/auth_handler.go:39.129,41.15 2 0
github.com/LavaJover/shvark-sso-service/internal/delivery/grpcapi/auth_handler.go:41.15,43.3 1 0
github.com/LavaJover/shvark-sso-service/internal/delivery/grpcapi/auth_handler.go:45.2,48.8 1 0
github.com/LavaJover/shvark-sso-service/internal/delivery/grpcapi/auth_handler.go:51.132,53.15 2 0
github.com/LavaJover/shvark-sso-service/internal/delivery/grpcapi/auth_handler.go:53.15,55.3 1 0
github.com/LavaJover/shvark-sso-service/internal/delivery/grpcapi/auth_handler.go:57.2,61.8 1 0
github.com/LavaJover/shvark-sso-service/proto/gen/sso-service.pb.go:33.35,38.2 4 0
github.com/LavaJover/shvark-sso-service/proto/gen/sso-service.pb.go:40.43,42.2 1 0
github.com/LavaJover/shvark-sso-service/proto/gen/sso-service.pb.go:44.41,44.42 0 0
github.com/LavaJover/shvark-sso-service/proto/gen/sso-service.pb.go:46.63,48.14 2 0
github.com/LavaJover/shvark-sso-service/proto/gen/sso-service.pb.go:48.14,50.34 2 0
github.com/LavaJover/shvark-sso-service/proto/gen/sso-service.pb.go:50.34,52.4 1 0
github.com/LavaJover/shvark-sso-service/proto/gen/sso-service.pb.go:53.3,53.12 1 0
github.com/LavaJover/shvark-sso-service/proto/gen/sso-service.pb.go:55.2,55.24 1 0
github.com/LavaJover/shvark-sso-service/proto/gen/sso-service.pb.go:59.54,61.2 1 0
github.com/LavaJover/shvark-sso-service/proto/gen/sso-service.pb.go:63.45,64.14 1 0
github.com/LavaJover/shvark-sso-service/proto/gen/sso-service.pb.go:64.14,66.3 1 0
github.com/LavaJover/shvark-sso-service/proto/gen/sso-service.pb.go:67.2,67.11 1 0
github.com/LavaJover/shvark-sso-service/proto/gen/sso-service.pb.go:70.48,71.14 1 0
github.com/LavaJover/shvark-sso-service/proto/gen/sso-service.pb.go:71.14,73.3 1 0
github.com/LavaJover/shvark-sso-service/proto/gen/sso-service.pb.go:74.2,74.11 1 0
github.com/LavaJover/shvark-sso-service/proto/gen/sso-service.pb.go:77.48,78.14 1 0
github.com/LavaJover/shvark-sso-service/proto/gen/sso-service.pb.go:78.14,80.3 1 0
github.com/LavaJover/shvark-sso-service/proto/gen/sso-service.pb.go:81.2,81.11 1 0
github.com/LavaJover/shvark-sso-service/proto/gen/sso-service.pb.go:92.36,97.2 4 0
github.com/LavaJover/shvark-sso-service/proto/gen/sso-service.pb.go:99.44,101.2 1 0
github.com/LavaJover/shvark-sso-service/proto/gen/sso-service.pb.go:103.42,103.43 0 0
github.com/LavaJover/shvark-sso-service/proto/gen/sso-service.pb.go:105.64,107.14 2 0
github.com/LavaJover/shvark-sso-service/proto/gen/sso-service.pb.go:107.14,109.34 2 0
github.com/LavaJover/shvark-sso-service/proto/gen/sso-service.pb.go:109.34,111.4 1 0
github.com/LavaJover/shvark-sso-service/proto/gen/sso-service.pb.go:112.3,112.12 1 0
github.com/LavaJover/shvark-sso-service/proto/gen/sso-service.pb.go:114.2,114.24 1 0
github.com/LavaJover/shvark-sso-service/proto/gen/sso-service.pb.go:118.55,120.2 1 0
github.com/LavaJover/shvark-sso-service/proto/gen/sso-service.pb.go:122.47,123.14 1 0
github.com/LavaJover/shvark-sso-service/proto/gen/sso-service.pb.go:123.14,125.3 1 0
github.com/LavaJover/shvark-sso-service/proto/gen/sso-service.pb.go:126.2,126.11 1 0
github.com/LavaJover/shvark-sso-service/proto/gen/sso-service.pb.go:129.48,130.14 1 0
github.com/LavaJover/shvark-sso-service/proto/gen/sso-service.pb.go:130.14,132.3 1 0
github.com/LavaJover/shvark-sso-service/proto/gen/sso-service.pb.go:133.2,133.11 1 0
github.com/LavaJover/shvark-sso-service/proto/gen/sso-service.pb.go:144.32,149.2 4 0
github.com/LavaJover/shvark-sso-service/proto/gen/sso-service.pb.go:151.40,153.2 1 0
github.com/LavaJover/shvark-sso-service/proto/gen/sso-service.pb.go:155.38,155.39 0 0
github.com/LavaJover/shvark-sso-service/proto/gen/sso-service.pb.go:157.60,159.14 2 0
github.com/LavaJover/shvark-sso-service/proto/gen/sso-service.pb.go:159.14,161.34 2 0
github.com/LavaJover/shvark-sso-service/proto/gen/sso-service.pb.go:161.34,163.4 1 0
github.com/LavaJover/shvark-sso-service/proto/gen/sso-service.pb.go:164.3,164.12 1 0
github.com/LavaJover/shvark-sso-service/proto/gen/sso-service.pb.go:166.2,166.24 1 0
github.com/LavaJover/shvark-sso-service/proto/gen/sso-service.pb.go:170.51,172.2 1 0
github.com/LavaJover/shvark-sso-service/proto/gen/sso-service.pb.go:174.42,175.14 1 0
github.com/LavaJover/shvark-sso-service/proto/gen/sso-service.pb.go:175.14,177.3 1 0
github.com/LavaJover/shvark-sso-service/proto/gen/sso-service.pb.go:178.2,178.11 1 0
github.com/LavaJover/shvark-sso-service/proto/gen/sso-service.pb.go:181.45,182.14 1 0
github.com/LavaJover/shvark-sso-service/proto/gen/sso-service.pb.go:182.14,184.3 1 0
github.com/LavaJover/shvark-sso-service/proto/gen/sso-service.pb.go:185.2,185.11 1 0
github.com/LavaJover/shvark-sso-service/proto/gen/sso-service.pb.go:196.33,201.2 4 0
github.com/LavaJover/shvark-sso-service/proto/gen/sso-service.pb.go:203.41,205.2 1 0
github.com/LavaJover/shvark-sso-service/proto/gen/sso-service.pb.go:207.39,207.40 0 0
github.com/LavaJover/shvark-sso-service/proto/gen/sso-service.pb.go:209.61,211.14 2 0
github.com/LavaJover/shvark-sso-service/proto/gen/sso-service.pb.go:211.14,213.34 2 0
github.com/LavaJover/shvark-sso-service/proto/gen/sso-service.pb.go:213.34,215.4 1 0
github.com/LavaJover/shvark-sso-service/proto/gen/sso-service.pb.go:216.3,216.12 1 0
github.com/LavaJover/shvark-sso-service/proto/gen/sso-service.pb.go:218.2,218.24 1 0
github.com/LavaJover/shvark-sso-service/proto/gen/sso-service.pb.go:222.52,224.2 1 0
github.com/LavaJover/shvark-sso-service/proto/gen/sso-service.pb.go:226.49,227.14 1 0
github.com/LavaJover/shvark-sso-service/proto/gen/sso-service.pb.go:227.14,229.3 1 0
github.com/LavaJover/shvark-sso-service/proto/gen/sso-service.pb.go:230.2,230.11 1 0
github.com/LavaJover/shvark-sso-service/proto/gen/sso-service.pb.go:233.50,234.14 1 0
github.com/LavaJover/shvark-sso-service/proto/gen/sso-service.pb.go:234.14,236.3 1 0
github.com/LavaJover/shvark-sso-service/proto/gen/sso-service.pb.go:237.2,237.11 1 0
github.com/LavaJover/shvark-sso-service/proto/gen/sso-service.pb.go:247.40,252.2 4 0
github.com/LavaJover/shvark-sso-service/proto/gen/sso-service.pb.go:254.48,256.2 1 0
github.com/LavaJover/shvark-sso-service/proto/gen/sso-service.pb.go:258.46,258.47 0 0
github.com/LavaJover/shvark-sso-service/proto/gen/sso-service.pb.go:260.68,262.14 2 0
github.com/LavaJover/shvark-sso-service/proto/gen/sso-service.pb.go:262.14,264.34 2 0
github.com/LavaJover/shvark-sso-service/proto/gen/sso-service.pb.go:264.34,266.4 1 0
github.com/LavaJover/shvark-sso-service/proto/gen/sso-service.pb.go:267.3,267.12 1 0
github.com/LavaJover/shvark-sso-service/proto/gen/sso-service.pb.go:269.2,269.24 1 0
github.com/LavaJover/shvark-sso-service/proto/gen/sso-service.pb.go:273.59,275.2 1 0
github.com/LavaJover/shvark-sso-service/proto/gen/sso-service.pb.go:277.56,278.14 1 0
github.com/LavaJover/shvark-sso-service/proto/gen/sso-service.pb.go:278.14,280.3 1 0
github.com/LavaJover/shvark-sso-service/proto/gen/sso-service.pb.go:281.2,281.11 1 0
github.com/LavaJover/shvark-sso-service/proto/gen/sso-service.pb.go:292.41,297.2 4 0
github.com/LavaJover/shvark-sso-service/proto/gen/sso-service.pb.go:299.49,301.2 1 0
github.com/LavaJover/shvark-sso-service/proto/gen/sso-service.pb.go:303.47,303.48 0 0
github.com/LavaJover/shvark-sso-service/proto/gen/sso-service.pb.go:305.69,307.14 2 0
github.com/LavaJover/shvark-sso-service/proto/gen/sso-service.pb.go:307.14,309.34 2 0
github.com/LavaJover/shvark-sso-service/proto/gen/sso-service.pb.go:309.34,311.4 1 0
github.com/LavaJover/shvark-sso-service/proto/gen/sso-service.pb.go:312.3,312.12 1 0
github.com/LavaJover/shvark-sso-service/proto/gen/sso-service.pb.go:314.2,314.24 1 0
github.com/LavaJover/shvark-sso-service/proto/gen/sso-service.pb.go:318.60,320.2 1 0
github.com/LavaJover/shvark-sso-service/proto/gen/sso-service.pb.go:322.49,323.14 1 0
github.com/LavaJover/shvark-sso-service/proto/gen/sso-service.pb.go:323.14,325.3 1 0
github.com/LavaJover/shvark-sso-service/proto/gen/sso-service.pb.go:326.2,326.14 1 0
github.com/LavaJover/shvark-sso-service/proto/gen/sso-service.pb.go:329.52,330.14 1 0
github.com/LavaJover/shvark-sso-service/proto/gen/sso-service.pb.go:330.14,332.3 1 0
github.com/LavaJover/shvark-sso-service/proto/gen/sso-service.pb.go:333.2,333.11 1 0
github.com/LavaJover/shvark-sso-service/proto/gen/sso-service.pb.go:343.41,348.2 4 0
github.com/LavaJover/shvark-sso-service/proto/gen/sso-service.pb.go:350.49,352.2 1 0
github.com/LavaJover/shvark-sso-service/proto/gen/sso-service.pb.go:354.47,354.48 0 0
github.com/LavaJover/shvark-sso-service/proto/gen/sso-service.pb.go:356.69,358.14 2 0
github.com/LavaJover/shvark-sso-service/proto/gen/sso-service.pb.go:358.14,360.34 2 0
github.com/LavaJover/shvark-sso-service/proto/gen/sso-service.pb.go:360.34,362.4 1 0
github.com/LavaJover/shvark-sso-service/proto/gen/sso-service.pb.go:363.3,363.12 1 0
github.com/LavaJover/shvark-sso-service/proto/gen/sso-service.pb.go:365.2,365.24 1 0
github.com/LavaJover/shvark-sso-service/proto/gen/sso-service.pb.go:369.60,371.2 1 0
github.com/LavaJover/shvark-sso-service/proto/gen/sso-service.pb.go:373.57,374.14 1 0
github.com/LavaJover/shvark-sso-service/proto/gen/sso-service.pb.go:374.14,376.3 1 0
github.com/LavaJover/shvark-sso-service/proto/gen/sso-service.pb.go:377.2,377.11 1 0
github.com/LavaJover/shvark-sso-service/proto/gen/sso-service.pb.go:389.42,394.2 4 0
github.com/LavaJover/shvark-sso-service/proto/gen/sso-service.pb.go:396.50,398.2 1 0
github.com/LavaJover/shvark-sso-service/proto/gen/sso-service.pb.go:400.48,400.49 0 0
github.com/LavaJover/shvark-sso-service/proto/gen/sso-service.pb.go:402.70,404.14 2 0
github.com/LavaJover/shvark-sso-service/proto/gen/sso-service.pb.go:404.14,406.34 2 0
github.com/LavaJover/shvark-sso-service/proto/gen/sso-service.pb.go:406.34,408.4 1 0
github.com/LavaJover/shvark-sso-service/proto/gen/sso-service.pb.go:409.3,409.12 1 0
github.com/LavaJover/shvark-sso-service/proto/gen/sso-service.pb.go:411.2,411.24 1 0
github.com/LavaJover/shvark-sso-service/proto/gen/sso-service.pb.go:415.61,417.2 1 0
github.com/LavaJover/shvark-sso-service/proto/gen/sso-service.pb.go:419.53,420.14 1 0
github.com/LavaJover/shvark-sso-service/proto/gen/sso-service.pb.go:420.14,422.3 1 0
github.com/LavaJover/shvark-sso-service/proto/gen/sso-service.pb.go:423.2,423.11 1 0
github.com/LavaJover/shvark-sso-service/proto/gen/sso-service.pb.go:426.52,427.14 1 0
github.com/LavaJover/shvark-sso-service/proto/gen/sso-service.pb.go:427.14,429.3 1 0
github.com/LavaJover/shvark-sso-service/proto/gen/sso-service.pb.go:430.2,430.11 1 0
github.com/LavaJover/shvark-sso-service/proto/gen/sso-service.pb.go:433.55,434.14 1 0
github.com/LavaJover/shvark-sso-service/proto/gen/sso-service.pb.go:434.14,436.3 1 0
github.com/LavaJover/shvark-sso-service/proto/gen/sso-service.pb.go:437.2,437.11 1 0
github.com/LavaJover/shvark-sso-service/proto/gen/sso-service.pb.go:481.50,482.47 1 0
github.com/LavaJover/shvark-sso-service/proto/gen/sso-service.pb.go:482.47,484.3 1 0
github.com/LavaJover/shvark-sso-service/proto/gen/sso-service.pb.go:485.2,485.43 1 0
github.com/LavaJover/shvark-sso-service/proto/gen/sso-service.pb.go:515.13,515.46 1 0
github.com/LavaJover/shvark-sso-service/proto/gen/sso-service.pb.go:516.36,517.35 1 0
github.com/LavaJover/shvark-sso-service/proto/gen/sso-service.pb.go:517.35,519.3 1 0
github.com/LavaJover/shvark-sso-service/proto/gen/sso-service.pb.go:520.2,536.38 5 0
github.com/LavaJover/shvark-sso-service/proto/gen/sso-service_grpc.pb.go:42.72,44.2 1 0
github.com/LavaJover/shvark-sso-service/proto/gen/sso-service_grpc.pb.go:46.131,50.16 4 0
github.com/LavaJover/shvark-sso-service/proto/gen/sso-service_grpc.pb.go:50.16,52.3 1 0
github.com/LavaJover/shvark-sso-service/proto/gen/sso-service_grpc.pb.go:53.2,53.17 1 0
github.com/LavaJover/shvark-sso-service/proto/gen/sso-service_grpc.pb.go:56.122,60.16 4 0
github.com/LavaJover/shvark-sso-service/proto/gen/sso-service_grpc.pb.go:60.16,62.3 1 0
github.com/LavaJover/shvark-sso-service/proto/gen/sso-service_grpc.pb.go:63.2,63.17 1 0
github.com/LavaJover/shvark-sso-service/proto/gen/sso-service_grpc.pb.go:66.146,70.16 4 0
github.com/LavaJover/shvark-sso-service/proto/gen/sso-service_grpc.pb.go:70.16,72.3 1 0
github.com/LavaJover/shvark-sso-service/proto/gen/sso-service_grpc.pb.go:73.2,73.17 1 0
github.com/LavaJover/shvark-sso-service/proto/gen/sso-service_grpc.pb.go:76.149,80.16 4 0
github.com/LavaJover/shvark-sso-service/proto/gen/sso-service_grpc.pb.go:80.16,82.3 1 0
github.com/LavaJover/shvark-sso-service/proto/gen/sso-service_grpc.pb.go:83.2,83.17 1 0
github.com/LavaJover/shvark-sso-service/proto/gen/sso-service_grpc.pb.go:104.109,106.2 1 0
github.com/LavaJover/shvark-sso-service/proto/gen/sso-service_grpc.pb.go:107.100,109.2 1 0
github.com/LavaJover/shvark-sso-service/proto/gen/sso-service_grpc.pb.go:110.124,112.2 1 0
github.com/LavaJover/shvark-sso-service/proto/gen/sso-service_grpc.pb.go:113.127,115.2 1 0
github.com/LavaJover/shvark-sso-service/proto/gen/sso-service_grpc.pb.go:116.80,116.81 0 0
github.com/LavaJover/shvark-sso-service/proto/gen/sso-service_grpc.pb.go:117.80,117.81 0 0
github.com/LavaJover/shvark-sso-service/proto/gen/sso-service_grpc.pb.go:126.78,131.59 1 0
github.com/LavaJover/shvark-sso-service/proto/gen/sso-service_grpc.pb.go:131.59,133.3 1 0
github.com/LavaJover/shvark-sso-service/proto/gen/sso-service_grpc.pb.go:134.2,134.49 1 0
github.com/LavaJover/shvark-sso-service/proto/gen/sso-service_grpc.pb.go:137.164,139.32 2 0
github.com/LavaJover/shvark-sso-service/proto/gen/sso-service_grpc.pb.go:139.32,141.3 1 0
github.com/LavaJover/shvark-sso-service/proto/gen/sso-service_grpc.pb.go:142.2,142.24 1 0
github.com/LavaJover/shvark-sso-service/proto/gen/sso-service_grpc.pb.go:142.24,144.3 1 0
github.com/LavaJover/shvark-sso-service/proto/gen/sso-service_grpc.pb.go:145.2,149.77 2 0
github.com/LavaJover/shvark-sso-service/proto/gen/sso-service_grpc.pb.go:149.77,151.3 1 0
github.com/LavaJover/shvark-sso-service/proto/gen/sso-service_grpc.pb.go:152.2,152.44 1 0
github.com/LavaJover/shvark-sso-service/proto/gen/sso-service_grpc.pb.go:155.161,157.32 2 0
github.com/LavaJover/shvark-sso-service/proto/gen/sso-service_grpc.pb.go:157.32,159.3 1 0
github.com/LavaJover/shvark-sso-service/proto/gen/sso-service_grpc.pb.go:160.2,160.24 1 0
github.com/LavaJover/shvark-sso-service/proto/gen/sso-service_grpc.pb.go:160.24,162.3 1 0
github.com/LavaJover/shvark-sso-service/proto/gen/sso-service_grpc.pb.go:163.2,167.77 2 0
github.com/LavaJover/shvark-sso-service/proto/gen/sso-service_grpc.pb.go:167.77,169.3 1 0
github.com/LavaJover/shvark-sso-service/proto/gen/sso-service_grpc.pb.go:170.2,170.44 1 0
github.com/LavaJover/shvark-sso-service/proto/gen/sso-service_grpc.pb.go:173.169,175.32 2 0
github.com/LavaJover/shvark-sso-service/proto/gen/sso-service_grpc.pb.go:175.32,177.3 1 0
github.com/LavaJover/shvark-sso-service/proto/gen/sso-service_grpc.pb.go:178.2,178.24 1 0
github.com/LavaJover/shvark-sso-service/proto/gen/sso-service_grpc.pb.go:178.24,180.3 1 0
github.com/LavaJover/shvark-sso-service/proto/gen/sso-service_grpc.pb.go:181.2,185.77 2 0
github.com/LavaJover/shvark-sso-service/proto/gen/sso-service_grpc.pb.go:185.77,187.3 1 0
github.com/LavaJover/shvark-sso-service/proto/gen/sso-service_grpc.pb.go:188.2,188.44 1 0
github.com/LavaJover/shvark-sso-service/proto/gen/sso-service_grpc.pb.go:191.170,193.32 2 0
github.com/LavaJover/shvark-sso-service/proto/gen/sso-service_grpc.pb.go:193.32,195.3 1 0
github.com/LavaJover/shvark-sso-service/proto/gen/sso-service_grpc.pb.go:196.2,196.24 1 0
github.com/LavaJover/shvark-sso-service/proto/gen/sso-service_grpc.pb.go:196.24,198.3 1 0
github.com/LavaJover/shvark-sso-service/proto/gen/sso-service_grpc.pb.go:199.2,203.77 2 0
github.com/LavaJover/shvark-sso-service/proto/gen/sso-service_grpc.pb.go:203.77,205.3 1 0
github.com/LavaJover/shvark-sso-service/proto/gen/sso-service_grpc.pb.go:206.2,206.44 1 0
github.com/LavaJover/shvark-sso-service/internal/domain/user.go:10.69,16.2 1 1
github.com/LavaJover/shvark-sso-service/internal/mocks/TokenService.go:19.57,21.2 1 0
github.com/LavaJover/shvark-sso-service/internal/mocks/TokenService.go:24.80,27.19 2 0
github.com/LavaJover/shvark-sso-service/internal/mocks/TokenService.go:27.19,28.61 1 0
github.com/LavaJover/shvark-sso-service/internal/mocks/TokenService.go:31.2,33.67 3 0
github.com/LavaJover/shvark-sso-service/internal/mocks/TokenService.go:33.67,35.3 1 0
github.com/LavaJover/shvark-sso-service/internal/mocks/TokenService.go:36.2,36.58 1 0
github.com/LavaJover/shvark-sso-service/internal/mocks/TokenService.go:36.58,38.3 1 0
github.com/LavaJover/shvark-sso-service/internal/mocks/TokenService.go:38.8,40.3 1 0
github.com/LavaJover/shvark-sso-service/internal/mocks/TokenService.go:42.2,42.57 1 0
github.com/LavaJover/shvark-sso-service/internal/mocks/TokenService.go:42.57,44.3 1 0
github.com/LavaJover/shvark-sso-service/internal/mocks/TokenService.go:44.8,46.3 1 0
github.com/LavaJover/shvark-sso-service/internal/mocks/TokenService.go:48.2,48.15 1 0
github.com/LavaJover/shvark-sso-service/internal/mocks/TokenService.go:58.111,60.2 1 0
github.com/LavaJover/shvark-sso-service/internal/mocks/TokenService.go:62.122,63.40 1 0
github.com/LavaJover/shvark-sso-service/internal/mocks/TokenService.go:63.40,65.3 1 0
github.com/LavaJover/shvark-sso-service/internal/mocks/TokenService.go:66.2,66.11 1 0
github.com/LavaJover/shvark-sso-service/internal/mocks/TokenService.go:69.119,72.2 2 0
github.com/LavaJover/shvark-sso-service/internal/mocks/TokenService.go:74.142,77.2 2 0
github.com/LavaJover/shvark-sso-service/internal/mocks/TokenService.go:80.81,83.19 2 0
github.com/LavaJover/shvark-sso-service/internal/mocks/TokenService.go:83.19,84.62 1 0
github.com/LavaJover/shvark-sso-service/internal/mocks/TokenService.go:87.2,89.67 3 0
github.com/LavaJover/shvark-sso-service/internal/mocks/TokenService.go:89.67,91.3 1 0
github.com/LavaJover/shvark-sso-service/internal/mocks/TokenService.go:92.2,92.58 1 0
github.com/LavaJover/shvark-sso-service/internal/mocks/TokenService.go:92.58,94.3 1 0
github.com/LavaJover/shvark-sso-service/internal/mocks/TokenService.go:94.8,96.3 1 0
github.com/LavaJover/shvark-sso-service/internal/mocks/TokenService.go:98.2,98.57 1 0
github.com/LavaJover/shvark-sso-service/internal/mocks/TokenService.go:98.57,100.3 1 0
github.com/LavaJover/shvark-sso-service/internal/mocks/TokenService.go:100.8,102.3 1 0
github.com/LavaJover/shvark-sso-service/internal/mocks/TokenService.go:104.2,104.15 1 0
github.com/LavaJover/shvark-sso-service/internal/mocks/TokenService.go:114.113,116.2 1 0
github.com/LavaJover/shvark-sso-service/internal/mocks/TokenService.go:118.124,119.40 1 0
github.com/LavaJover/shvark-sso-service/internal/mocks/TokenService.go:119.40,121.3 1 0
github.com/LavaJover/shvark-sso-service/internal/mocks/TokenService.go:122.2,122.11 1 0
github.com/LavaJover/shvark-sso-service/internal/mocks/TokenService.go:125.121,128.2 2 0
github.com/LavaJover/shvark-sso-service/internal/mocks/TokenService.go:130.144,133.2 2 0
github.com/LavaJover/shvark-sso-service/internal/mocks/TokenService.go:136.75,139.19 2 0
github.com/LavaJover/shvark-sso-service/internal/mocks/TokenService.go:139.19,140.61 1 0
github.com/LavaJover/shvark-sso-service/internal/mocks/TokenService.go:143.2,145.61 3 0
github.com/LavaJover/shvark-sso-service/internal/mocks/TokenService.go:145.61,147.3 1 0
github.com/LavaJover/shvark-sso-service/internal/mocks/TokenService.go:148.2,148.52 1 0
github.com/LavaJover/shvark-sso-service/internal/mocks/TokenService.go:148.52,150.3 1 0
github.com/LavaJover/shvark-sso-service/internal/mocks/TokenService.go:150.8,152.3 1 0
github.com/LavaJover/shvark-sso-service/internal/mocks/TokenService.go:154.2,154.51 1 0
github.com/LavaJover/shvark-sso-service/internal/mocks/TokenService.go:154.51,156.3 1 0
github.com/LavaJover/shvark-sso-service/internal/mocks/TokenService.go:156.8,158.3 1 0
github.com/LavaJover/shvark-sso-service/internal/mocks/TokenService.go:160.2,160.15 1 0
github.com/LavaJover/shvark-sso-service/internal/mocks/TokenService.go:170.112,172.2 1 0
github.com/LavaJover/shvark-sso-service/internal/mocks/TokenService.go:174.117,175.40 1 0
github.com/LavaJover/shvark-sso-service/internal/mocks/TokenService.go:175.40,177.3 1 0
github.com/LavaJover/shvark-sso-service/internal/mocks/TokenService.go:178.2,178.11 1 0
github.com/LavaJover/shvark-sso-service/internal/mocks/TokenService.go:181.122,184.2 2 0
github.com/LavaJover/shvark-sso-service/internal/mocks/TokenService.go:186.136,189.2 2 0
github.com/LavaJover/shvark-sso-service/internal/mocks/TokenService.go:196.18,200.19 3 0
github.com/LavaJover/shvark-sso-service/internal/mocks/TokenService.go:200.19,200.49 1 0
github.com/LavaJover/shvark-sso-service/internal/mocks/TokenService.go:202.2,202.13 1 0
github.com/LavaJover/shvark-sso-service/internal/mocks/UserRepository.go:19.61,21.2 1 1
github.com/LavaJover/shvark-sso-service/internal/mocks/UserRepository.go:24.59,27.19 2 1
github.com/LavaJover/shvark-sso-service/internal/mocks/UserRepository.go:27.19,28.48 1 0
github.com/LavaJover/shvark-sso-service/internal/mocks/UserRepository.go:31.2,32.57 2 1
github.com/LavaJover/shvark-sso-service/internal/mocks/UserRepository.go:32.57,34.3 1 0
github.com/LavaJover/shvark-sso-service/internal/mocks/UserRepository.go:34.8,36.3 1 1
github.com/LavaJover/shvark-sso-service/internal/mocks/UserRepository.go:38.2,38.11 1 1
github.com/LavaJover/shvark-sso-service/internal/mocks/UserRepository.go:48.89,50.2 1 0
github.com/LavaJover/shvark-sso-service/internal/mocks/UserRepository.go:52.100,53.40 1 0
github.com/LavaJover/shvark-sso-service/internal/mocks/UserRepository.go:53.40,55.3 1 0
github.com/LavaJover/shvark-sso-service/internal/mocks/UserRepository.go:56.2,56.11 1 0
github.com/LavaJover/shvark-sso-service/internal/mocks/UserRepository.go:59.85,62.2 2 0
github.com/LavaJover/shvark-sso-service/internal/mocks/UserRepository.go:64.110,67.2 2 0
github.com/LavaJover/shvark-sso-service/internal/mocks/UserRepository.go:70.69,73.19 2 0
github.com/LavaJover/shvark-sso-service/internal/mocks/UserRepository.go:73.19,74.50 1 0
github.com/LavaJover/shvark-sso-service/internal/mocks/UserRepository.go:77.2,79.67 3 0
github.com/LavaJover/shvark-sso-service/internal/mocks/UserRepository.go:79.67,81.3 1 0
github.com/LavaJover/shvark-sso-service/internal/mocks/UserRepository.go:82.2,82.58 1 0
github.com/LavaJover/shvark-sso-service/internal/mocks/UserRepository.go:82.58,84.3 1 0
github.com/LavaJover/shvark-sso-service/internal/mocks/UserRepository.go:84.8,85.24 1 0
github.com/LavaJover/shvark-sso-service/internal/mocks/UserRepository.go:85.24,87.4 1 0
github.com/LavaJover/shvark-sso-service/internal/mocks/UserRepository.go:90.2,90.51 1 0
github.com/LavaJover/shvark-sso-service/internal/mocks/UserRepository.go:90.51,92.3 1 0
github.com/LavaJover/shvark-sso-service/internal/mocks/UserRepository.go:92.8,94.3 1 0
github.com/LavaJover/shvark-sso-service/internal/mocks/UserRepository.go:96.2,96.15 1 0
github.com/LavaJover/shvark-sso-service/internal/mocks/UserRepository.go:106.91,108.2 1 0
github.com/LavaJover/shvark-sso-service/internal/mocks/UserRepository.go:110.96,111.40 1 0
github.com/LavaJover/shvark-sso-service/internal/mocks/UserRepository.go:111.40,113.3 1 0
github.com/LavaJover/shvark-sso-service/internal/mocks/UserRepository.go:114.2,114.11 1 0
github.com/LavaJover/shvark-sso-service/internal/mocks/UserRepository.go:117.107,120.2 2 0
github.com/LavaJover/shvark-sso-service/internal/mocks/UserRepository.go:122.124,125.2 2 0
github.com/LavaJover/shvark-sso-service/internal/mocks/UserRepository.go:128.75,131.19 2 1
github.com/LavaJover/shvark-sso-service/internal/mocks/UserRepository.go:131.19,132.53 1 0
github.com/LavaJover/shvark-sso-service/internal/mocks/UserRepository.go:135.2,137.67 3 1
github.com/LavaJover/shvark-sso-service/internal/mocks/UserRepository.go:137.67,139.3 1 0
github.com/LavaJover/shvark-sso-service/internal/mocks/UserRepository.go:140.2,140.58 1 1
github.com/LavaJover/shvark-sso-service/internal/mocks/UserRepository.go:140.58,142.3 1 0
github.com/LavaJover/shvark-sso-service/internal/mocks/UserRepository.go:142.8,143.24 1 1
github.com/LavaJover/shvark-sso-service/internal/mocks/UserRepository.go:143.24,145.4 1 1
github.com/LavaJover/shvark-sso-service/internal/mocks/UserRepository.go:148.2,148.51 1 1
github.com/LavaJover/shvark-sso-service/internal/mocks/UserRepository.go:148.51,150.3 1 0
github.com/LavaJover/shvark-sso-service/internal/mocks/UserRepository.go:150.8,152.3 1 1
github.com/LavaJover/shvark-sso-service/internal/mocks/UserRepository.go:154.2,154.15 1 1
github.com/LavaJover/shvark-sso-service/internal/mocks/UserRepository.go:164.100,166.2 1 1
github.com/LavaJover/shvark-sso-service/internal/mocks/UserRepository.go:168.105,169.40 1 0
github.com/LavaJover/shvark-sso-service/internal/mocks/UserRepository.go:169.40,171.3 1 0
github.com/LavaJover/shvark-sso-service/internal/mocks/UserRepository.go:172.2,172.11 1 0
github.com/LavaJover/shvark-sso-service/internal/mocks/UserRepository.go:175.113,178.2 2 1
github.com/LavaJover/shvark-sso-service/internal/mocks/UserRepository.go:180.130,183.2 2 0
github.com/LavaJover/shvark-sso-service/internal/mocks/UserRepository.go:190.20,194.19 3 0
github.com/LavaJover/shvark-sso-service/internal/mocks/UserRepository.go:194.19,194.49 1 0
github.com/LavaJover/shvark-sso-service/internal/mocks/UserRepository.go:196.2,196.13 1 0
github.com/LavaJover/shvark-sso-service/internal/usecase/auth_usecase.go:13.88,18.2 1 1
github.com/LavaJover/shvark-sso-service/internal/usecase/auth_usecase.go:20.83,22.57 1 1
github.com/LavaJover/shvark-sso-service/internal/usecase/auth_usecase.go:22.57,24.3 1 1
github.com/LavaJover/shvark-sso-service/internal/usecase/auth_usecase.go:27.2,28.15 2 1
github.com/LavaJover/shvark-sso-service/internal/usecase/auth_usecase.go:28.15,30.3 1 0
github.com/LavaJover/shvark-sso-service/internal/usecase/auth_usecase.go:33.2,34.15 2 1
github.com/LavaJover/shvark-sso-service/internal/usecase/auth_usecase.go:34.15,36.3 1 0
github.com/LavaJover/shvark-sso-service/internal/usecase/auth_usecase.go:38.2,38.44 1 1
github.com/LavaJover/shvark-sso-service/internal/usecase/auth_usecase.go:38.44,40.3 1 0
github.com/LavaJover/shvark-sso-service/internal/usecase/auth_usecase.go:42.2,42.21 1 1
github.com/LavaJover/shvark-sso-service/internal/usecase/auth_usecase.go:45.70,48.15 2 0
github.com/LavaJover/shvark-sso-service/internal/usecase/auth_usecase.go:48.15,50.3 1 0
github.com/LavaJover/shvark-sso-service/internal/usecase/auth_usecase.go:53.2,53.95 1 0
github.com/LavaJover/shvark-sso-service/internal/usecase/auth_usecase.go:53.95,55.3 1 0
github.com/LavaJover/shvark-sso-service/internal/usecase/auth_usecase.go:58.2,59.16 2 0
github.com/LavaJover/shvark-sso-service/internal/usecase/auth_usecase.go:59.16,61.3 1 0
github.com/LavaJover/shvark-sso-service/internal/usecase/auth_usecase.go:63.2,63.19 1 0
github.com/LavaJover/shvark-sso-service/internal/usecase/auth_usecase.go:67.68,70.2 2 0
github.com/LavaJover/shvark-sso-service/internal/usecase/auth_usecase.go:72.74,75.15 2 0
github.com/LavaJover/shvark-sso-service/internal/usecase/auth_usecase.go:75.15,77.3 1 0
github.com/LavaJover/shvark-sso-service/internal/usecase/auth_usecase.go:80.2,81.15 2 0
github.com/LavaJover/shvark-sso-service/internal/usecase/auth_usecase.go:81.15,83.3 1 0
github.com/LavaJover/shvark-sso-service/internal/usecase/auth_usecase.go:85.2,85.18 1 0
